<?xml version="1.0" encoding="UTF-8"?>
<!-- Generated by org.testng.reporters.JUnitReportReporter -->
<testsuite hostname="DESKTOP-GM5SCOG" failures="0" tests="2" name="login.RandomLogin" time="10.829" errors="0" timestamp="2024-01-28T21:23:24 AST" skipped="0">
  <testcase classname="login.RandomLogin" name="LoginUsingDifferentUserNames" time="9.993"/>
  <system-out/>
  <testcase classname="login.RandomLogin" name="TheAmountOfTheFirstTwoItems" time="0.836"/>
  <system-out/>
</testsuite> <!-- login.RandomLogin -->
