<?xml version="1.0" encoding="UTF-8"?>
<!-- Generated by org.testng.reporters.JUnitReportReporter -->
<testsuite hostname="DESKTOP-GM5SCOG" failures="0" tests="2" name="login.AddEvenNumberItem" time="3.717" errors="0" timestamp="2024-01-24T15:45:08 AST" skipped="0">
  <testcase classname="login.AddEvenNumberItem" name="LoginTest" time="2.963"/>
  <system-out/>
  <testcase classname="login.AddEvenNumberItem" name="AddEvenNumberItems" time="0.754"/>
  <system-out/>
</testsuite> <!-- login.AddEvenNumberItem -->
